2023-02-28 16:42:42,077 INFO werkzeug MainThread :  * Detected change in '/mnt/d/Akhil/Academics/Own project/kanban_app/application/jobs/tasks.py', reloading
2023-02-28 16:42:42,332 INFO werkzeug MainThread :  * Restarting with stat
2023-02-28 16:42:47,004 WARNING root MainThread : no boto3 module found
2023-02-28 16:42:47,117 DEBUG passlib.registry MainThread : registered 'bcrypt' handler: <class 'passlib.handlers.bcrypt.bcrypt'>
2023-02-28 16:42:47,126 DEBUG passlib.registry MainThread : registered 'argon2' handler: <class 'passlib.handlers.argon2.argon2'>
2023-02-28 16:42:47,143 DEBUG passlib.registry MainThread : registered 'des_crypt' handler: <class 'passlib.handlers.des_crypt.des_crypt'>
2023-02-28 16:42:47,143 DEBUG passlib.registry MainThread : registered 'pbkdf2_sha512' handler: <class 'passlib.handlers.pbkdf2.pbkdf2_sha512'>
2023-02-28 16:42:47,151 DEBUG passlib.registry MainThread : registered 'sha256_crypt' handler: <class 'passlib.handlers.sha2_crypt.sha256_crypt'>
2023-02-28 16:42:47,151 DEBUG passlib.registry MainThread : registered 'sha512_crypt' handler: <class 'passlib.handlers.sha2_crypt.sha512_crypt'>
2023-02-28 16:42:47,159 DEBUG passlib.registry MainThread : registered 'plaintext' handler: <class 'passlib.handlers.misc.plaintext'>
2023-02-28 16:42:47,175 DEBUG passlib.registry MainThread : registered 'hex_md5' handler: <class 'passlib.handlers.digests.hex_md5'>
2023-02-28 16:42:47,355 INFO main MainThread : App setup complete
2023-02-28 16:42:47,389 INFO main MainThread : App setup complete
2023-02-28 16:42:50,195 WARNING werkzeug MainThread :  * Debugger is active!
2023-02-28 16:42:50,196 INFO werkzeug MainThread :  * Debugger PIN: 510-537-150
2023-02-28 16:42:59,515 WARNING root MainThread : no boto3 module found
2023-02-28 16:42:59,630 DEBUG passlib.registry MainThread : registered 'bcrypt' handler: <class 'passlib.handlers.bcrypt.bcrypt'>
2023-02-28 16:42:59,645 DEBUG passlib.registry MainThread : registered 'argon2' handler: <class 'passlib.handlers.argon2.argon2'>
2023-02-28 16:42:59,673 DEBUG passlib.registry MainThread : registered 'des_crypt' handler: <class 'passlib.handlers.des_crypt.des_crypt'>
2023-02-28 16:42:59,674 DEBUG passlib.registry MainThread : registered 'pbkdf2_sha512' handler: <class 'passlib.handlers.pbkdf2.pbkdf2_sha512'>
2023-02-28 16:42:59,687 DEBUG passlib.registry MainThread : registered 'sha256_crypt' handler: <class 'passlib.handlers.sha2_crypt.sha256_crypt'>
2023-02-28 16:42:59,687 DEBUG passlib.registry MainThread : registered 'sha512_crypt' handler: <class 'passlib.handlers.sha2_crypt.sha512_crypt'>
2023-02-28 16:42:59,696 DEBUG passlib.registry MainThread : registered 'plaintext' handler: <class 'passlib.handlers.misc.plaintext'>
2023-02-28 16:42:59,713 DEBUG passlib.registry MainThread : registered 'hex_md5' handler: <class 'passlib.handlers.digests.hex_md5'>
2023-02-28 16:42:59,893 INFO main MainThread : App setup complete
2023-02-28 16:43:12,993 INFO werkzeug MainThread :  * Detected change in '/mnt/d/Akhil/Academics/Own project/kanban_app/application/jobs/tasks.py', reloading
2023-02-28 16:43:13,198 INFO werkzeug MainThread :  * Restarting with stat
2023-02-28 16:43:17,470 WARNING root MainThread : no boto3 module found
2023-02-28 16:43:17,587 DEBUG passlib.registry MainThread : registered 'bcrypt' handler: <class 'passlib.handlers.bcrypt.bcrypt'>
2023-02-28 16:43:17,596 DEBUG passlib.registry MainThread : registered 'argon2' handler: <class 'passlib.handlers.argon2.argon2'>
2023-02-28 16:43:17,614 DEBUG passlib.registry MainThread : registered 'des_crypt' handler: <class 'passlib.handlers.des_crypt.des_crypt'>
2023-02-28 16:43:17,614 DEBUG passlib.registry MainThread : registered 'pbkdf2_sha512' handler: <class 'passlib.handlers.pbkdf2.pbkdf2_sha512'>
2023-02-28 16:43:17,622 DEBUG passlib.registry MainThread : registered 'sha256_crypt' handler: <class 'passlib.handlers.sha2_crypt.sha256_crypt'>
2023-02-28 16:43:17,623 DEBUG passlib.registry MainThread : registered 'sha512_crypt' handler: <class 'passlib.handlers.sha2_crypt.sha512_crypt'>
2023-02-28 16:43:17,630 DEBUG passlib.registry MainThread : registered 'plaintext' handler: <class 'passlib.handlers.misc.plaintext'>
2023-02-28 16:43:17,646 DEBUG passlib.registry MainThread : registered 'hex_md5' handler: <class 'passlib.handlers.digests.hex_md5'>
2023-02-28 16:43:17,837 INFO main MainThread : App setup complete
2023-02-28 16:43:17,868 INFO main MainThread : App setup complete
2023-02-28 16:43:20,428 WARNING werkzeug MainThread :  * Debugger is active!
2023-02-28 16:43:20,429 INFO werkzeug MainThread :  * Debugger PIN: 510-537-150
2023-02-28 16:43:54,925 INFO werkzeug MainThread :  * Detected change in '/mnt/d/Akhil/Academics/Own project/kanban_app/application/jobs/tasks.py', reloading
2023-02-28 16:43:55,151 INFO werkzeug MainThread :  * Restarting with stat
2023-02-28 16:44:00,800 WARNING root MainThread : no boto3 module found
2023-02-28 16:44:00,916 DEBUG passlib.registry MainThread : registered 'bcrypt' handler: <class 'passlib.handlers.bcrypt.bcrypt'>
2023-02-28 16:44:00,926 DEBUG passlib.registry MainThread : registered 'argon2' handler: <class 'passlib.handlers.argon2.argon2'>
2023-02-28 16:44:00,944 DEBUG passlib.registry MainThread : registered 'des_crypt' handler: <class 'passlib.handlers.des_crypt.des_crypt'>
2023-02-28 16:44:00,945 DEBUG passlib.registry MainThread : registered 'pbkdf2_sha512' handler: <class 'passlib.handlers.pbkdf2.pbkdf2_sha512'>
2023-02-28 16:44:00,952 DEBUG passlib.registry MainThread : registered 'sha256_crypt' handler: <class 'passlib.handlers.sha2_crypt.sha256_crypt'>
2023-02-28 16:44:00,952 DEBUG passlib.registry MainThread : registered 'sha512_crypt' handler: <class 'passlib.handlers.sha2_crypt.sha512_crypt'>
2023-02-28 16:44:00,960 DEBUG passlib.registry MainThread : registered 'plaintext' handler: <class 'passlib.handlers.misc.plaintext'>
2023-02-28 16:44:00,975 DEBUG passlib.registry MainThread : registered 'hex_md5' handler: <class 'passlib.handlers.digests.hex_md5'>
2023-02-28 16:44:01,157 INFO main MainThread : App setup complete
2023-02-28 16:44:01,188 INFO main MainThread : App setup complete
2023-02-28 16:44:04,005 WARNING werkzeug MainThread :  * Debugger is active!
2023-02-28 16:44:04,005 INFO werkzeug MainThread :  * Debugger PIN: 510-537-150
2023-02-28 16:45:20,114 INFO werkzeug Thread-5 (process_request_thread) : 127.0.0.1 - - [28/Feb/2023 16:45:20] "[32mGET /logout HTTP/1.1[0m" 302 -
2023-02-28 16:45:20,521 INFO werkzeug Thread-6 (process_request_thread) : 127.0.0.1 - - [28/Feb/2023 16:45:20] "[35m[1mGET / HTTP/1.1[0m" 500 -
2023-02-28 16:45:20,678 INFO werkzeug Thread-7 (process_request_thread) : 127.0.0.1 - - [28/Feb/2023 16:45:20] "GET /?__debugger__=yes&cmd=resource&f=style.css HTTP/1.1" 200 -
2023-02-28 16:45:20,686 INFO werkzeug Thread-8 (process_request_thread) : 127.0.0.1 - - [28/Feb/2023 16:45:20] "[36mGET /?__debugger__=yes&cmd=resource&f=debugger.js HTTP/1.1[0m" 304 -
2023-02-28 16:45:20,739 INFO werkzeug Thread-9 (process_request_thread) : 127.0.0.1 - - [28/Feb/2023 16:45:20] "GET /?__debugger__=yes&cmd=resource&f=console.png HTTP/1.1" 200 -
2023-02-28 16:45:20,741 INFO werkzeug Thread-10 (process_request_thread) : 127.0.0.1 - - [28/Feb/2023 16:45:20] "[36mGET /?__debugger__=yes&cmd=resource&f=console.png HTTP/1.1[0m" 304 -
